Determining if the pthread_create exist failed with the following output:
Change Dir: /home/oslab/catkin_ws/src/iai_kinect2/kinect2_viewer/CMakeFiles/CMakeTmp

Run Build Command:"/usr/bin/make" "cmTC_41f22/fast"
/usr/bin/make -f CMakeFiles/cmTC_41f22.dir/build.make CMakeFiles/cmTC_41f22.dir/build
make[1]: 正在进入目录 `/home/oslab/catkin_ws/src/iai_kinect2/kinect2_viewer/CMakeFiles/CMakeTmp'
Building C object CMakeFiles/cmTC_41f22.dir/CheckSymbolExists.c.o
/usr/bin/cc     -o CMakeFiles/cmTC_41f22.dir/CheckSymbolExists.c.o   -c /home/oslab/catkin_ws/src/iai_kinect2/kinect2_viewer/CMakeFiles/CMakeTmp/CheckSymbolExists.c
Linking C executable cmTC_41f22
/usr/bin/cmake -E cmake_link_script CMakeFiles/cmTC_41f22.dir/link.txt --verbose=1
/usr/bin/cc       CMakeFiles/cmTC_41f22.dir/CheckSymbolExists.c.o  -o cmTC_41f22 -rdynamic 
CMakeFiles/cmTC_41f22.dir/CheckSymbolExists.c.o：在函数‘main’中：
CheckSymbolExists.c:(.text+0x16)：对‘pthread_create’未定义的引用
collect2: error: ld returned 1 exit status
make[1]: *** [cmTC_41f22] 错误 1
make[1]:正在离开目录 `/home/oslab/catkin_ws/src/iai_kinect2/kinect2_viewer/CMakeFiles/CMakeTmp'
make: *** [cmTC_41f22/fast] 错误 2

File /home/oslab/catkin_ws/src/iai_kinect2/kinect2_viewer/CMakeFiles/CMakeTmp/CheckSymbolExists.c:
/* */
#include <pthread.h>

int main(int argc, char** argv)
{
  (void)argv;
#ifndef pthread_create
  return ((int*)(&pthread_create))[argc];
#else
  (void)argc;
  return 0;
#endif
}

Determining if the function pthread_create exists in the pthreads failed with the following output:
Change Dir: /home/oslab/catkin_ws/src/iai_kinect2/kinect2_viewer/CMakeFiles/CMakeTmp

Run Build Command:"/usr/bin/make" "cmTC_d83ba/fast"
/usr/bin/make -f CMakeFiles/cmTC_d83ba.dir/build.make CMakeFiles/cmTC_d83ba.dir/build
make[1]: 正在进入目录 `/home/oslab/catkin_ws/src/iai_kinect2/kinect2_viewer/CMakeFiles/CMakeTmp'
Building C object CMakeFiles/cmTC_d83ba.dir/CheckFunctionExists.c.o
/usr/bin/cc    -DCHECK_FUNCTION_EXISTS=pthread_create   -o CMakeFiles/cmTC_d83ba.dir/CheckFunctionExists.c.o   -c /usr/share/cmake-3.5/Modules/CheckFunctionExists.c
Linking C executable cmTC_d83ba
/usr/bin/cmake -E cmake_link_script CMakeFiles/cmTC_d83ba.dir/link.txt --verbose=1
/usr/bin/cc   -DCHECK_FUNCTION_EXISTS=pthread_create    CMakeFiles/cmTC_d83ba.dir/CheckFunctionExists.c.o  -o cmTC_d83ba -rdynamic -lpthreads 
/usr/bin/ld: 找不到 -lpthreads
collect2: error: ld returned 1 exit status
make[1]: *** [cmTC_d83ba] 错误 1
make[1]:正在离开目录 `/home/oslab/catkin_ws/src/iai_kinect2/kinect2_viewer/CMakeFiles/CMakeTmp'
make: *** [cmTC_d83ba/fast] 错误 2


